  [1m[35m (3.3ms)[0m  [1m[35mCREATE TABLE "schema_migrations" ("version" varchar NOT NULL PRIMARY KEY) /*application='Backend'*/[0m
  [1m[35m (0.7ms)[0m  [1m[35mCREATE TABLE "ar_internal_metadata" ("key" varchar NOT NULL PRIMARY KEY, "value" varchar, "created_at" datetime(6) NOT NULL, "updated_at" datetime(6) NOT NULL) /*application='Backend'*/[0m
  [1m[36mActiveRecord::InternalMetadata Load (0.3ms)[0m  [1m[34mSELECT * FROM "ar_internal_metadata" WHERE "ar_internal_metadata"."key" = 'environment' ORDER BY "ar_internal_metadata"."key" ASC LIMIT 1 /*application='Backend'*/[0m
  [1m[36mActiveRecord::InternalMetadata Create (0.5ms)[0m  [1m[32mINSERT INTO "ar_internal_metadata" ("key", "value", "created_at", "updated_at") VALUES ('environment', 'development', '2026-02-21 16:11:26.330476', '2026-02-21 16:11:26.330486') RETURNING "key" /*application='Backend'*/[0m
  [1m[36mActiveRecord::SchemaMigration Load (0.4ms)[0m  [1m[34mSELECT "schema_migrations"."version" FROM "schema_migrations" ORDER BY "schema_migrations"."version" ASC /*application='Backend'*/[0m
Migrating to CreateProducts (20260221160513)
  [1m[36mTRANSACTION (0.3ms)[0m  [1m[35mBEGIN immediate TRANSACTION /*application='Backend'*/[0m
  [1m[35m (6.6ms)[0m  [1m[35mCREATE TABLE "products" ("id" integer PRIMARY KEY AUTOINCREMENT NOT NULL, "name" varchar NOT NULL, "price" decimal(10,2) NOT NULL, "product_type" varchar NOT NULL, "image_url" varchar, "created_at" datetime(6) NOT NULL, "updated_at" datetime(6) NOT NULL) /*application='Backend'*/[0m
  [1m[35m (0.5ms)[0m  [1m[35mCREATE INDEX "index_products_on_product_type" ON "products" ("product_type") /*application='Backend'*/[0m
  [1m[36mActiveRecord::SchemaMigration Create (0.7ms)[0m  [1m[32mINSERT INTO "schema_migrations" ("version") VALUES ('20260221160513') RETURNING "version" /*application='Backend'*/[0m
  [1m[36mTRANSACTION (0.6ms)[0m  [1m[35mCOMMIT TRANSACTION /*application='Backend'*/[0m
Migrating to CreateOrders (20260221160522)
  [1m[36mTRANSACTION (0.3ms)[0m  [1m[35mBEGIN immediate TRANSACTION /*application='Backend'*/[0m
  [1m[35m (5.3ms)[0m  [1m[35mCREATE TABLE "orders" ("id" integer PRIMARY KEY AUTOINCREMENT NOT NULL, "status" varchar DEFAULT 'pending' NOT NULL, "total" decimal(10,2) DEFAULT 0.0 NOT NULL, "first_name" varchar NOT NULL, "last_name" varchar NOT NULL, "email" varchar NOT NULL, "address" varchar NOT NULL, "phone" varchar NOT NULL, "created_at" datetime(6) NOT NULL, "updated_at" datetime(6) NOT NULL) /*application='Backend'*/[0m
  [1m[36mActiveRecord::SchemaMigration Create (0.6ms)[0m  [1m[32mINSERT INTO "schema_migrations" ("version") VALUES ('20260221160522') RETURNING "version" /*application='Backend'*/[0m
  [1m[36mTRANSACTION (0.5ms)[0m  [1m[35mCOMMIT TRANSACTION /*application='Backend'*/[0m
Migrating to CreateOrderItems (20260221160536)
  [1m[36mTRANSACTION (0.2ms)[0m  [1m[35mBEGIN immediate TRANSACTION /*application='Backend'*/[0m
  [1m[35m (4.7ms)[0m  [1m[35mCREATE TABLE "order_items" ("id" integer PRIMARY KEY AUTOINCREMENT NOT NULL, "order_id" integer NOT NULL, "product_id" integer NOT NULL, "quantity" integer DEFAULT 1 NOT NULL, "unit_price" decimal(10,2) NOT NULL, "subtotal" decimal(10,2) NOT NULL, "created_at" datetime(6) NOT NULL, "updated_at" datetime(6) NOT NULL, CONSTRAINT "fk_rails_e3cb28f071"
FOREIGN KEY ("order_id")
  REFERENCES "orders" ("id")
, CONSTRAINT "fk_rails_f1a29ddd47"
FOREIGN KEY ("product_id")
  REFERENCES "products" ("id")
) /*application='Backend'*/[0m
  [1m[35m (1.4ms)[0m  [1m[35mCREATE INDEX "index_order_items_on_order_id" ON "order_items" ("order_id") /*application='Backend'*/[0m
  [1m[35m (0.6ms)[0m  [1m[35mCREATE INDEX "index_order_items_on_product_id" ON "order_items" ("product_id") /*application='Backend'*/[0m
  [1m[36mActiveRecord::SchemaMigration Create (0.6ms)[0m  [1m[32mINSERT INTO "schema_migrations" ("version") VALUES ('20260221160536') RETURNING "version" /*application='Backend'*/[0m
  [1m[36mTRANSACTION (0.5ms)[0m  [1m[35mCOMMIT TRANSACTION /*application='Backend'*/[0m
  [1m[36mActiveRecord::SchemaMigration Load (0.3ms)[0m  [1m[34mSELECT "schema_migrations"."version" FROM "schema_migrations" ORDER BY "schema_migrations"."version" ASC /*application='Backend'*/[0m
  [1m[36mActiveRecord::SchemaMigration Load (0.3ms)[0m  [1m[34mSELECT "schema_migrations"."version" FROM "schema_migrations" ORDER BY "schema_migrations"."version" ASC /*application='Backend'*/[0m
  [1m[36mProduct Load (0.6ms)[0m  [1m[34mSELECT "products".* FROM "products" WHERE "products"."name" = 'Cooking Oil' LIMIT 1 /*application='Backend'*/[0m
  [1m[36mTRANSACTION (0.2ms)[0m  [1m[35mBEGIN immediate TRANSACTION /*application='Backend'*/[0m
  [1m[36mProduct Create (0.4ms)[0m  [1m[32mINSERT INTO "products" ("name", "price", "product_type", "image_url", "created_at", "updated_at") VALUES ('Cooking Oil', 10.5, 'grocery', '/img/product.svg', '2026-02-21 16:11:26.827289', '2026-02-21 16:11:26.827289') RETURNING "id" /*application='Backend'*/[0m
  [1m[36mTRANSACTION (3.6ms)[0m  [1m[35mCOMMIT TRANSACTION /*application='Backend'*/[0m
  [1m[36mProduct Load (0.9ms)[0m  [1m[34mSELECT "products".* FROM "products" WHERE "products"."name" = 'Pasta' LIMIT 1 /*application='Backend'*/[0m
  [1m[36mTRANSACTION (0.2ms)[0m  [1m[35mBEGIN immediate TRANSACTION /*application='Backend'*/[0m
  [1m[36mProduct Create (9.0ms)[0m  [1m[32mINSERT INTO "products" ("name", "price", "product_type", "image_url", "created_at", "updated_at") VALUES ('Pasta', 6.25, 'grocery', '/img/product.svg', '2026-02-21 16:11:26.854706', '2026-02-21 16:11:26.854706') RETURNING "id" /*application='Backend'*/[0m
  [1m[36mTRANSACTION (0.3ms)[0m  [1m[35mCOMMIT TRANSACTION /*application='Backend'*/[0m
  [1m[36mProduct Load (0.4ms)[0m  [1m[34mSELECT "products".* FROM "products" WHERE "products"."name" = 'Cake' LIMIT 1 /*application='Backend'*/[0m
  [1m[36mTRANSACTION (0.2ms)[0m  [1m[35mBEGIN immediate TRANSACTION /*application='Backend'*/[0m
  [1m[36mProduct Create (72.1ms)[0m  [1m[32mINSERT INTO "products" ("name", "price", "product_type", "image_url", "created_at", "updated_at") VALUES ('Cake', 5.0, 'grocery', '/img/product.svg', '2026-02-21 16:11:26.887759', '2026-02-21 16:11:26.887759') RETURNING "id" /*application='Backend'*/[0m
  [1m[36mTRANSACTION (0.5ms)[0m  [1m[35mCOMMIT TRANSACTION /*application='Backend'*/[0m
  [1m[36mProduct Load (0.7ms)[0m  [1m[34mSELECT "products".* FROM "products" WHERE "products"."name" = 'Shampoo' LIMIT 1 /*application='Backend'*/[0m
  [1m[36mTRANSACTION (0.2ms)[0m  [1m[35mBEGIN immediate TRANSACTION /*application='Backend'*/[0m
  [1m[36mProduct Create (11.5ms)[0m  [1m[32mINSERT INTO "products" ("name", "price", "product_type", "image_url", "created_at", "updated_at") VALUES ('Shampoo', 8.99, 'beauty', '/img/product.svg', '2026-02-21 16:11:26.989058', '2026-02-21 16:11:26.989058') RETURNING "id" /*application='Backend'*/[0m
  [1m[36mTRANSACTION (0.5ms)[0m  [1m[35mCOMMIT TRANSACTION /*application='Backend'*/[0m
  [1m[36mProduct Load (1.0ms)[0m  [1m[34mSELECT "products".* FROM "products" WHERE "products"."name" = 'Face Cream' LIMIT 1 /*application='Backend'*/[0m
  [1m[36mTRANSACTION (0.4ms)[0m  [1m[35mBEGIN immediate TRANSACTION /*application='Backend'*/[0m
  [1m[36mProduct Create (11.3ms)[0m  [1m[32mINSERT INTO "products" ("name", "price", "product_type", "image_url", "created_at", "updated_at") VALUES ('Face Cream', 12.5, 'beauty', '/img/product.svg', '2026-02-21 16:11:27.028355', '2026-02-21 16:11:27.028355') RETURNING "id" /*application='Backend'*/[0m
  [1m[36mTRANSACTION (0.6ms)[0m  [1m[35mCOMMIT TRANSACTION /*application='Backend'*/[0m
  [1m[36mProduct Load (0.5ms)[0m  [1m[34mSELECT "products".* FROM "products" WHERE "products"."name" = 'Batom' LIMIT 1 /*application='Backend'*/[0m
  [1m[36mTRANSACTION (0.3ms)[0m  [1m[35mBEGIN immediate TRANSACTION /*application='Backend'*/[0m
  [1m[36mProduct Create (12.6ms)[0m  [1m[32mINSERT INTO "products" ("name", "price", "product_type", "image_url", "created_at", "updated_at") VALUES ('Batom', 9.75, 'beauty', '/img/product.svg', '2026-02-21 16:11:27.072612', '2026-02-21 16:11:27.072612') RETURNING "id" /*application='Backend'*/[0m
  [1m[36mTRANSACTION (0.5ms)[0m  [1m[35mCOMMIT TRANSACTION /*application='Backend'*/[0m
  [1m[36mProduct Load (0.6ms)[0m  [1m[34mSELECT "products".* FROM "products" WHERE "products"."name" = 'Headphones' LIMIT 1 /*application='Backend'*/[0m
  [1m[36mTRANSACTION (0.2ms)[0m  [1m[35mBEGIN immediate TRANSACTION /*application='Backend'*/[0m
  [1m[36mProduct Create (9.3ms)[0m  [1m[32mINSERT INTO "products" ("name", "price", "product_type", "image_url", "created_at", "updated_at") VALUES ('Headphones', 29.99, 'electronics', '/img/product.svg', '2026-02-21 16:11:27.112836', '2026-02-21 16:11:27.112836') RETURNING "id" /*application='Backend'*/[0m
  [1m[36mTRANSACTION (0.5ms)[0m  [1m[35mCOMMIT TRANSACTION /*application='Backend'*/[0m
  [1m[36mProduct Load (0.5ms)[0m  [1m[34mSELECT "products".* FROM "products" WHERE "products"."name" = 'DVD' LIMIT 1 /*application='Backend'*/[0m
  [1m[36mTRANSACTION (0.3ms)[0m  [1m[35mBEGIN immediate TRANSACTION /*application='Backend'*/[0m
  [1m[36mProduct Create (9.4ms)[0m  [1m[32mINSERT INTO "products" ("name", "price", "product_type", "image_url", "created_at", "updated_at") VALUES ('DVD', 99.99, 'electronics', '/img/product.svg', '2026-02-21 16:11:27.150308', '2026-02-21 16:11:27.150308') RETURNING "id" /*application='Backend'*/[0m
  [1m[36mTRANSACTION (0.8ms)[0m  [1m[35mCOMMIT TRANSACTION /*application='Backend'*/[0m
  [1m[36mProduct Load (0.6ms)[0m  [1m[34mSELECT "products".* FROM "products" WHERE "products"."name" = 'TV' LIMIT 1 /*application='Backend'*/[0m
  [1m[36mTRANSACTION (0.4ms)[0m  [1m[35mBEGIN immediate TRANSACTION /*application='Backend'*/[0m
  [1m[36mProduct Create (6.8ms)[0m  [1m[32mINSERT INTO "products" ("name", "price", "product_type", "image_url", "created_at", "updated_at") VALUES ('TV', 49.99, 'electronics', '/img/product.svg', '2026-02-21 16:11:27.182903', '2026-02-21 16:11:27.182903') RETURNING "id" /*application='Backend'*/[0m
  [1m[36mTRANSACTION (0.3ms)[0m  [1m[35mCOMMIT TRANSACTION /*application='Backend'*/[0m
  [1m[36mProduct Count (0.3ms)[0m  [1m[34mSELECT COUNT(*) FROM "products" /*application='Backend'*/[0m
Started GET "/api/v1/products" for 127.0.0.1 at 2026-02-21 13:12:29 -0300
  [1m[36mActiveRecord::SchemaMigration Load (0.9ms)[0m  [1m[34mSELECT "schema_migrations"."version" FROM "schema_migrations" ORDER BY "schema_migrations"."version" ASC /*application='Backend'*/[0m
Processing by Api::V1::ProductsController#index as */*
  [1m[36mProduct Load (1.2ms)[0m  [1m[34mSELECT "products".* FROM "products" ORDER BY "products"."id" ASC /*action='index',application='Backend',controller='products'*/[0m
  ↳ app/controllers/api/v1/products_controller.rb:6:in `index'
Completed 200 OK in 224ms (Views: 56.9ms | ActiveRecord: 12.6ms (1 query, 0 cached) | GC: 0.0ms)


Started GET "/api/v1/products?type=beauty" for 127.0.0.1 at 2026-02-21 13:12:43 -0300
Processing by Api::V1::ProductsController#index as */*
  Parameters: {"type"=>"beauty"}
  [1m[36mProduct Load (0.6ms)[0m  [1m[34mSELECT "products".* FROM "products" WHERE "products"."product_type" = 'beauty' ORDER BY "products"."id" ASC /*action='index',application='Backend',controller='products'*/[0m
  ↳ app/controllers/api/v1/products_controller.rb:6:in `index'
Completed 200 OK in 80ms (Views: 71.9ms | ActiveRecord: 0.6ms (1 query, 0 cached) | GC: 55.6ms)


